2026-03-22 14:55:14,915 | INFO | Run mode: full
2026-03-22 14:55:14,915 | INFO | Scrape mode: range
2026-03-22 14:55:14,916 | INFO | Built 5 contracts.
2026-03-22 14:55:14,916 | INFO | Contract anchor date: 2026-03-22
2026-03-22 14:55:14,916 | INFO | Window: 2026-03-16 -> 2026-03-22
2026-03-22 14:55:14,917 | INFO | Adaptive pacing: base 1.00s, max 3.00s, workers 1.
2026-03-22 14:55:14,917 | INFO | 429 cooldown rule: 3 hit(s) within 15.0s triggers a 30.0s global pause.
2026-03-22 14:55:14,917 | INFO | [queued 1/5] TTF Month Gas Month Mar-26 (G3BM, 202603)
2026-03-22 14:55:14,918 | INFO | [queued 5/5] TTF Month Gas Month Jul-26 (G3BM, 202607)
2026-03-22 14:55:15,760 | INFO | [done 1/5] TTF Month Gas Month Mar-26 -> ok (5 row(s))
2026-03-22 14:55:19,797 | INFO | [done 5/5] TTF Month Gas Month Jul-26 -> ok (5 row(s))
2026-03-22 14:55:19,799 | INFO | Status summary:
2026-03-22 14:55:19,799 | INFO |   ok: 25
2026-03-22 14:55:19,799 | INFO | Saved main CSV: /workspaces/scrape/Output/CSV_[22-03-26_1455].csv
2026-03-22 14:55:19,799 | INFO | No failed rows. Failed CSV not created.
2026-03-22 14:55:19,799 | INFO | Total output rows: 25
2026-03-22 14:55:19,799 | INFO | Total ok rows: 25
2026-03-22 14:55:19,799 | INFO | Duration seconds: 4.88
2026-03-22 14:55:19,799 | INFO | Throughput contracts/minute: 61.48
2026-03-22 14:55:19,799 | INFO | Average seconds/contract: 0.98
2026-03-22 14:55:19,799 | INFO | Final adaptive request gap: 1.00s
2026-03-22 14:55:19,800 | INFO | Saved summary JSON: /workspaces/scrape/Output/JSON_[22-03-26_1455].json
