2026-03-25 00:34:05,797 | INFO | Run mode: full
2026-03-25 00:34:05,797 | INFO | Scrape mode: range
2026-03-25 00:34:05,797 | INFO | Built 2 contracts.
2026-03-25 00:34:05,797 | INFO | Contract anchor date: 2026-03-20
2026-03-25 00:34:05,797 | INFO | Window: 2026-02-05 -> 2026-03-20
2026-03-25 00:34:05,797 | INFO | Adaptive pacing: base 1.00s, max 3.00s, workers 1.
2026-03-25 00:34:05,797 | INFO | 429 cooldown rule: 3 hit(s) within 15.0s triggers a 30.0s global pause.
2026-03-25 00:34:05,797 | INFO | Master merge target: /workspaces/scrape/master/eex_master.csv
2026-03-25 00:34:05,798 | INFO | [queued 1/2] ICE Month Coal Dec-26 (ICE_API2, 202612)
2026-03-25 00:34:05,798 | INFO | [queued 2/2] ICE Month Coal Dec-27 (ICE_API2, 202712)
2026-03-25 00:34:06,038 | INFO | [done 1/2] ICE Month Coal Dec-26 -> ok (32 row(s))
2026-03-25 00:34:06,972 | INFO | [done 2/2] ICE Month Coal Dec-27 -> ok (32 row(s))
2026-03-25 00:34:07,209 | INFO | Status summary:
2026-03-25 00:34:07,209 | INFO |   ok: 64
2026-03-25 00:34:07,209 | INFO | Saved main CSV: /workspaces/scrape/Output/CSV_[25-03-26_0034].csv
2026-03-25 00:34:07,210 | INFO | No failed rows. Failed CSV not created.
2026-03-25 00:34:07,210 | INFO | Updated master CSV: /workspaces/scrape/master/eex_master.csv
2026-03-25 00:34:07,210 | INFO | Master rows before merge: 15351
2026-03-25 00:34:07,210 | INFO | Master rows after merge: 15405
2026-03-25 00:34:07,210 | INFO | Total output rows: 64
2026-03-25 00:34:07,210 | INFO | Total ok rows: 64
2026-03-25 00:34:07,210 | INFO | Duration seconds: 1.41
2026-03-25 00:34:07,210 | INFO | Throughput contracts/minute: 85.11
2026-03-25 00:34:07,210 | INFO | Average seconds/contract: 0.7
2026-03-25 00:34:07,210 | INFO | Final adaptive request gap: 1.00s
2026-03-25 00:34:07,211 | INFO | Saved summary JSON: /workspaces/scrape/Output/JSON_[25-03-26_0034].json
