2026-03-22 15:48:19,586 | INFO | Run mode: full
2026-03-22 15:48:19,587 | INFO | Scrape mode: range
2026-03-22 15:48:19,587 | INFO | Built 20 contracts.
2026-03-22 15:48:19,588 | INFO | Contract anchor date: 2026-03-20
2026-03-22 15:48:19,588 | INFO | Window: 2026-03-16 -> 2026-03-20
2026-03-22 15:48:19,588 | INFO | Adaptive pacing: base 1.00s, max 3.00s, workers 1.
2026-03-22 15:48:19,588 | INFO | 429 cooldown rule: 3 hit(s) within 15.0s triggers a 30.0s global pause.
2026-03-22 15:48:19,588 | INFO | Master merge target: /workspaces/scrape/master/eex_master.csv
2026-03-22 15:48:19,589 | INFO | [queued 1/20] FI Month Mar-26 (FNBM, 202603)
2026-03-22 15:48:19,601 | INFO | [queued 20/20] FI Year Cal-32 (FNBY, 203201)
2026-03-22 15:48:19,930 | INFO | [done 1/20] FI Month Mar-26 -> ok (5 row(s))
2026-03-22 15:48:38,625 | INFO | [done 20/20] FI Year Cal-32 -> ok (5 row(s))
2026-03-22 15:48:38,628 | INFO | Status summary:
2026-03-22 15:48:38,629 | INFO |   ok: 100
2026-03-22 15:48:38,629 | INFO | Saved main CSV: /workspaces/scrape/Output/CSV_[22-03-26_1548].csv
2026-03-22 15:48:38,629 | INFO | No failed rows. Failed CSV not created.
2026-03-22 15:48:38,629 | INFO | Updated master CSV: /workspaces/scrape/master/eex_master.csv
2026-03-22 15:48:38,629 | INFO | Master rows before merge: 0
2026-03-22 15:48:38,629 | INFO | Master rows after merge: 100
2026-03-22 15:48:38,629 | INFO | Total output rows: 100
2026-03-22 15:48:38,629 | INFO | Total ok rows: 100
2026-03-22 15:48:38,629 | INFO | Duration seconds: 19.04
2026-03-22 15:48:38,629 | INFO | Throughput contracts/minute: 63.03
2026-03-22 15:48:38,629 | INFO | Average seconds/contract: 0.95
2026-03-22 15:48:38,629 | INFO | Final adaptive request gap: 1.00s
2026-03-22 15:48:38,630 | INFO | Saved summary JSON: /workspaces/scrape/Output/JSON_[22-03-26_1548].json
