2026-03-22 15:53:36,610 | INFO | Run mode: full
2026-03-22 15:53:36,610 | INFO | Scrape mode: range
2026-03-22 15:53:36,610 | INFO | Built 371 contracts.
2026-03-22 15:53:36,610 | INFO | Contract anchor date: 2026-03-20
2026-03-22 15:53:36,610 | INFO | Window: 2026-02-05 -> 2026-03-20
2026-03-22 15:53:36,610 | INFO | Adaptive pacing: base 1.00s, max 3.00s, workers 1.
2026-03-22 15:53:36,610 | INFO | 429 cooldown rule: 3 hit(s) within 15.0s triggers a 30.0s global pause.
2026-03-22 15:53:36,610 | INFO | Master merge target: /workspaces/scrape/master/eex_master.csv
2026-03-22 15:53:36,611 | INFO | [queued 1/371] FI Month Mar-26 (FNBM, 202603)
2026-03-22 15:53:36,612 | INFO | [queued 25/371] SE1 Month Jul-26 (1SBM, 202607)
2026-03-22 15:53:36,613 | INFO | [queued 50/371] SE2 Quarter Q4-26 (2SBQ, 202610)
2026-03-22 15:53:36,613 | INFO | [queued 75/371] SE3 Year Cal-27 (3SBY, 202701)
2026-03-22 15:53:36,614 | INFO | [queued 100/371] SE4 Year Cal-32 (4SBY, 203201)
2026-03-22 15:53:36,616 | INFO | [queued 125/371] GB Month Jul-26 (FUBM, 202607)
2026-03-22 15:53:36,617 | INFO | [queued 150/371] ES Quarter Q4-26 (FEBQ, 202610)
2026-03-22 15:53:36,617 | INFO | [queued 175/371] IT Year Cal-27 (FDBY, 202701)
2026-03-22 15:53:36,618 | INFO | [queued 200/371] NL Year Cal-32 (Q0BY, 203201)
2026-03-22 15:53:36,618 | INFO | [queued 225/371] FR Month Jul-26 (F7BM, 202607)
2026-03-22 15:53:36,619 | INFO | [queued 250/371] NO1 Quarter Q4-26 (1NBQ, 202610)
2026-03-22 15:53:36,619 | INFO | [queued 275/371] NO2 Year Cal-27 (2NBY, 202701)
2026-03-22 15:53:36,620 | INFO | [queued 300/371] NO3 Year Cal-32 (3NBY, 203201)
2026-03-22 15:53:36,620 | INFO | [queued 325/371] NO5 Month Jul-26 (5NBM, 202607)
2026-03-22 15:53:36,621 | INFO | [queued 350/371] TTF Quarter Gas Q4-26 (G3BQ, 202610)
2026-03-22 15:53:36,621 | INFO | [queued 371/371] EU Year GO Wind Cal-30 (EGOW, 203001)
2026-03-22 15:53:37,565 | INFO | [done 1/371] FI Month Mar-26 -> ok (32 row(s))
2026-03-22 15:54:01,426 | INFO | [done 25/371] SE1 Month Jul-26 -> ok (32 row(s))
2026-03-22 15:54:26,535 | INFO | [done 50/371] SE2 Quarter Q4-26 -> ok (32 row(s))
2026-03-22 15:54:51,464 | INFO | [done 75/371] SE3 Year Cal-27 -> ok (32 row(s))
2026-03-22 15:55:16,471 | INFO | [done 100/371] SE4 Year Cal-32 -> ok (32 row(s))
2026-03-22 15:55:41,470 | INFO | [done 125/371] GB Month Jul-26 -> ok (32 row(s))
2026-03-22 15:56:06,591 | INFO | [done 150/371] ES Quarter Q4-26 -> ok (32 row(s))
2026-03-22 15:56:31,576 | INFO | [done 175/371] IT Year Cal-27 -> ok (32 row(s))
2026-03-22 15:56:56,637 | INFO | [done 200/371] NL Year Cal-32 -> ok (32 row(s))
2026-03-22 15:57:21,590 | INFO | [done 225/371] FR Month Jul-26 -> ok (32 row(s))
2026-03-22 15:57:46,662 | INFO | [done 250/371] NO1 Quarter Q4-26 -> ok (32 row(s))
2026-03-22 15:58:11,557 | INFO | [done 275/371] NO2 Year Cal-27 -> ok (32 row(s))
2026-03-22 15:58:36,687 | INFO | [done 300/371] NO3 Year Cal-32 -> ok (32 row(s))
2026-03-22 15:59:01,682 | INFO | [done 325/371] NO5 Month Jul-26 -> ok (32 row(s))
2026-03-22 15:59:26,664 | INFO | [done 350/371] TTF Quarter Gas Q4-26 -> ok (32 row(s))
2026-03-22 15:59:47,695 | INFO | [done 371/371] EU Year GO Wind Cal-30 -> ok (32 row(s))
2026-03-22 15:59:47,865 | INFO | Status summary:
2026-03-22 15:59:47,865 | INFO |   ok: 11884
2026-03-22 15:59:47,865 | INFO | Saved main CSV: /workspaces/scrape/Output/CSV_[22-03-26_1553].csv
2026-03-22 15:59:47,865 | INFO | No failed rows. Failed CSV not created.
2026-03-22 15:59:47,866 | INFO | Updated master CSV: /workspaces/scrape/master/eex_master.csv
2026-03-22 15:59:47,866 | INFO | Master rows before merge: 100
2026-03-22 15:59:47,866 | INFO | Master rows after merge: 11884
2026-03-22 15:59:47,866 | INFO | Total output rows: 11884
2026-03-22 15:59:47,867 | INFO | Total ok rows: 11884
2026-03-22 15:59:47,867 | INFO | Duration seconds: 371.25
2026-03-22 15:59:47,867 | INFO | Throughput contracts/minute: 59.96
2026-03-22 15:59:47,867 | INFO | Average seconds/contract: 1.0
2026-03-22 15:59:47,868 | INFO | Final adaptive request gap: 1.00s
2026-03-22 15:59:47,868 | INFO | Saved summary JSON: /workspaces/scrape/Output/JSON_[22-03-26_1553].json
